<?xml version="1.0" encoding="UTF-8" ?>
<testsuite failures="0" time="1.221" errors="0" skipped="0" tests="1" name="com.cee.news.parser.impl.TestBoilerpipeArticleParser">
  <properties>
    <property name="java.runtime.name" value="Java(TM) SE Runtime Environment"/>
    <property name="sun.boot.library.path" value="C:\Program Files\Java\jdk1.6.0_22\jre\bin"/>
    <property name="java.vm.version" value="17.1-b03"/>
    <property name="java.vm.vendor" value="Sun Microsystems Inc."/>
    <property name="java.vendor.url" value="http://java.sun.com/"/>
    <property name="path.separator" value=";"/>
    <property name="java.vm.name" value="Java HotSpot(TM) 64-Bit Server VM"/>
    <property name="file.encoding.pkg" value="sun.io"/>
    <property name="user.country" value="DE"/>
    <property name="sun.java.launcher" value="SUN_STANDARD"/>
    <property name="sun.os.patch.level" value="Service Pack 1"/>
    <property name="java.vm.specification.name" value="Java Virtual Machine Specification"/>
    <property name="user.dir" value="D:\cee\workspace\cee\cee-news-parser-impl"/>
    <property name="java.runtime.version" value="1.6.0_22-b04"/>
    <property name="java.awt.graphicsenv" value="sun.awt.Win32GraphicsEnvironment"/>
    <property name="basedir" value="D:\cee\workspace\cee\cee-news-parser-impl"/>
    <property name="java.endorsed.dirs" value="C:\Program Files\Java\jdk1.6.0_22\jre\lib\endorsed"/>
    <property name="os.arch" value="amd64"/>
    <property name="surefire.real.class.path" value="D:\cee\workspace\cee\cee-news-parser-impl\target\surefire\surefirebooter8245275275440538281.jar"/>
    <property name="java.io.tmpdir" value="C:\Users\Andreas\AppData\Local\Temp\"/>
    <property name="line.separator" value="
"/>
    <property name="java.vm.specification.vendor" value="Sun Microsystems Inc."/>
    <property name="user.variant" value=""/>
    <property name="os.name" value="Windows 7"/>
    <property name="sun.jnu.encoding" value="Cp1252"/>
    <property name="java.library.path" value="C:\Program Files\Java\jdk1.6.0_22\jre\bin;.;C:\Windows\Sun\Java\bin;C:\Windows\system32;C:\Windows;C:/Program Files/Java/jdk1.6.0_22/bin/../jre/bin/server;C:/Program Files/Java/jdk1.6.0_22/bin/../jre/bin;C:/Program Files/Java/jdk1.6.0_22/bin/../jre/lib/amd64;C:\Program Files\Java\jdk1.6.0_22\bin;C:\Windows\system32;C:\Windows;C:\Windows\System32\Wbem;C:\Windows\System32\WindowsPowerShell\v1.0\;D:\apache-maven-3.0.1\bin;C:\cygwin\bin;D:\apache-tomcat-6.0.29\bin;D:\eclipse;"/>
    <property name="surefire.test.class.path" value="D:\cee\workspace\cee\cee-news-parser-impl\target\test-classes;D:\cee\workspace\cee\cee-news-parser-impl\target\classes;D:\cee\workspace\cee\cee-news-store-api\target\cee-news-store-api-0.0.1-SNAPSHOT.jar;D:\cee\workspace\cee\cee-news-parser\target\cee-news-parser-0.0.1-SNAPSHOT.jar;C:\Users\Andreas\.m2\repository\org\apache\httpcomponents\httpclient\4.0.3\httpclient-4.0.3.jar;C:\Users\Andreas\.m2\repository\org\apache\httpcomponents\httpcore\4.0.1\httpcore-4.0.1.jar;C:\Users\Andreas\.m2\repository\commons-logging\commons-logging\1.1.1\commons-logging-1.1.1.jar;C:\Users\Andreas\.m2\repository\commons-codec\commons-codec\1.3\commons-codec-1.3.jar;C:\Users\Andreas\.m2\repository\de\l3s\boilerpipe\boilerpipe\1.1.0\boilerpipe-1.1.0.jar;C:\Users\Andreas\.m2\repository\net\java\dev\rome\rome\1.0.0\rome-1.0.0.jar;C:\Users\Andreas\.m2\repository\jdom\jdom\1.0\jdom-1.0.jar;C:\Users\Andreas\.m2\repository\junit\junit\4.8.2\junit-4.8.2.jar;C:\Users\Andreas\.m2\repository\org\ccil\cowan\tagsoup\tagsoup\1.2\tagsoup-1.2.jar;C:\Users\Andreas\.m2\repository\xerces\xercesImpl\2.9.1\xercesImpl-2.9.1.jar;C:\Users\Andreas\.m2\repository\xml-apis\xml-apis\1.3.04\xml-apis-1.3.04.jar;C:\Users\Andreas\.m2\repository\net\sourceforge\nekohtml\nekohtml\1.9.14\nekohtml-1.9.14.jar;"/>
    <property name="java.specification.name" value="Java Platform API Specification"/>
    <property name="java.class.version" value="50.0"/>
    <property name="sun.management.compiler" value="HotSpot 64-Bit Server Compiler"/>
    <property name="os.version" value="6.1"/>
    <property name="user.home" value="C:\Users\Andreas"/>
    <property name="user.timezone" value=""/>
    <property name="java.awt.printerjob" value="sun.awt.windows.WPrinterJob"/>
    <property name="java.specification.version" value="1.6"/>
    <property name="file.encoding" value="Cp1252"/>
    <property name="user.name" value="Andreas"/>
    <property name="java.class.path" value="D:\cee\workspace\cee\cee-news-parser-impl\target\test-classes;D:\cee\workspace\cee\cee-news-parser-impl\target\classes;D:\cee\workspace\cee\cee-news-store-api\target\cee-news-store-api-0.0.1-SNAPSHOT.jar;D:\cee\workspace\cee\cee-news-parser\target\cee-news-parser-0.0.1-SNAPSHOT.jar;C:\Users\Andreas\.m2\repository\org\apache\httpcomponents\httpclient\4.0.3\httpclient-4.0.3.jar;C:\Users\Andreas\.m2\repository\org\apache\httpcomponents\httpcore\4.0.1\httpcore-4.0.1.jar;C:\Users\Andreas\.m2\repository\commons-logging\commons-logging\1.1.1\commons-logging-1.1.1.jar;C:\Users\Andreas\.m2\repository\commons-codec\commons-codec\1.3\commons-codec-1.3.jar;C:\Users\Andreas\.m2\repository\de\l3s\boilerpipe\boilerpipe\1.1.0\boilerpipe-1.1.0.jar;C:\Users\Andreas\.m2\repository\net\java\dev\rome\rome\1.0.0\rome-1.0.0.jar;C:\Users\Andreas\.m2\repository\jdom\jdom\1.0\jdom-1.0.jar;C:\Users\Andreas\.m2\repository\junit\junit\4.8.2\junit-4.8.2.jar;C:\Users\Andreas\.m2\repository\org\ccil\cowan\tagsoup\tagsoup\1.2\tagsoup-1.2.jar;C:\Users\Andreas\.m2\repository\xerces\xercesImpl\2.9.1\xercesImpl-2.9.1.jar;C:\Users\Andreas\.m2\repository\xml-apis\xml-apis\1.3.04\xml-apis-1.3.04.jar;C:\Users\Andreas\.m2\repository\net\sourceforge\nekohtml\nekohtml\1.9.14\nekohtml-1.9.14.jar;"/>
    <property name="java.vm.specification.version" value="1.0"/>
    <property name="sun.arch.data.model" value="64"/>
    <property name="java.home" value="C:\Program Files\Java\jdk1.6.0_22\jre"/>
    <property name="java.specification.vendor" value="Sun Microsystems Inc."/>
    <property name="user.language" value="de"/>
    <property name="awt.toolkit" value="sun.awt.windows.WToolkit"/>
    <property name="java.vm.info" value="mixed mode"/>
    <property name="java.version" value="1.6.0_22"/>
    <property name="java.ext.dirs" value="C:\Program Files\Java\jdk1.6.0_22\jre\lib\ext;C:\Windows\Sun\Java\lib\ext"/>
    <property name="sun.boot.class.path" value="C:\Program Files\Java\jdk1.6.0_22\jre\lib\resources.jar;C:\Program Files\Java\jdk1.6.0_22\jre\lib\rt.jar;C:\Program Files\Java\jdk1.6.0_22\jre\lib\sunrsasign.jar;C:\Program Files\Java\jdk1.6.0_22\jre\lib\jsse.jar;C:\Program Files\Java\jdk1.6.0_22\jre\lib\jce.jar;C:\Program Files\Java\jdk1.6.0_22\jre\lib\charsets.jar;C:\Program Files\Java\jdk1.6.0_22\jre\classes"/>
    <property name="java.vendor" value="Sun Microsystems Inc."/>
    <property name="localRepository" value="C:\Users\Andreas\.m2\repository"/>
    <property name="file.separator" value="\"/>
    <property name="java.vendor.url.bug" value="http://java.sun.com/cgi-bin/bugreport.cgi"/>
    <property name="sun.cpu.endian" value="little"/>
    <property name="sun.io.unicode.encoding" value="UnicodeLittle"/>
    <property name="sun.desktop" value="windows"/>
    <property name="sun.cpu.isalist" value="amd64"/>
  </properties>
  <testcase time="1.125" classname="com.cee.news.parser.impl.TestBoilerpipeArticleParser" name="testParse"/>
</testsuite>