<?xml version="1.0" encoding="UTF-8" ?>
<testsuite failures="0" time="17.873" errors="0" skipped="0" tests="4" name="com.cee.news.store.jcr.TestJcrArticleStore">
  <properties>
    <property name="java.runtime.name" value="Java(TM) SE Runtime Environment"/>
    <property name="sun.boot.library.path" value="C:\Program Files\Java\jdk1.6.0_22\jre\bin"/>
    <property name="java.vm.version" value="17.1-b03"/>
    <property name="java.vm.vendor" value="Sun Microsystems Inc."/>
    <property name="java.vendor.url" value="http://java.sun.com/"/>
    <property name="path.separator" value=";"/>
    <property name="java.vm.name" value="Java HotSpot(TM) 64-Bit Server VM"/>
    <property name="file.encoding.pkg" value="sun.io"/>
    <property name="user.country" value="DE"/>
    <property name="sun.java.launcher" value="SUN_STANDARD"/>
    <property name="sun.os.patch.level" value="Service Pack 1"/>
    <property name="java.vm.specification.name" value="Java Virtual Machine Specification"/>
    <property name="user.dir" value="D:\cee\workspace\cee\cee-news-store-jcr"/>
    <property name="java.runtime.version" value="1.6.0_22-b04"/>
    <property name="java.awt.graphicsenv" value="sun.awt.Win32GraphicsEnvironment"/>
    <property name="basedir" value="D:\cee\workspace\cee\cee-news-store-jcr"/>
    <property name="java.endorsed.dirs" value="C:\Program Files\Java\jdk1.6.0_22\jre\lib\endorsed"/>
    <property name="os.arch" value="amd64"/>
    <property name="surefire.real.class.path" value="D:\cee\workspace\cee\cee-news-store-jcr\target\surefire\surefirebooter6759816082791867818.jar"/>
    <property name="java.io.tmpdir" value="C:\Users\Andreas\AppData\Local\Temp\"/>
    <property name="line.separator" value="
"/>
    <property name="java.vm.specification.vendor" value="Sun Microsystems Inc."/>
    <property name="user.variant" value=""/>
    <property name="os.name" value="Windows 7"/>
    <property name="sun.jnu.encoding" value="Cp1252"/>
    <property name="java.library.path" value="C:\Program Files\Java\jdk1.6.0_22\jre\bin;.;C:\Windows\Sun\Java\bin;C:\Windows\system32;C:\Windows;C:/Program Files/Java/jdk1.6.0_22/bin/../jre/bin/server;C:/Program Files/Java/jdk1.6.0_22/bin/../jre/bin;C:/Program Files/Java/jdk1.6.0_22/bin/../jre/lib/amd64;C:\Program Files\Java\jdk1.6.0_22\bin;C:\Windows\system32;C:\Windows;C:\Windows\System32\Wbem;C:\Windows\System32\WindowsPowerShell\v1.0\;D:\apache-maven-3.0.1\bin;C:\cygwin\bin;D:\apache-tomcat-6.0.29\bin;D:\eclipse;"/>
    <property name="surefire.test.class.path" value="D:\cee\workspace\cee\cee-news-store-jcr\target\test-classes;D:\cee\workspace\cee\cee-news-store-jcr\target\classes;D:\cee\workspace\cee\cee-news-store-api\target\cee-news-store-api-0.0.1-SNAPSHOT.jar;C:\Users\Andreas\.m2\repository\javax\jcr\jcr\2.0\jcr-2.0.jar;C:\Users\Andreas\.m2\repository\org\apache\jackrabbit\jackrabbit-core\2.2.1\jackrabbit-core-2.2.1.jar;C:\Users\Andreas\.m2\repository\concurrent\concurrent\1.3.4\concurrent-1.3.4.jar;C:\Users\Andreas\.m2\repository\commons-collections\commons-collections\3.2.1\commons-collections-3.2.1.jar;C:\Users\Andreas\.m2\repository\commons-io\commons-io\1.4\commons-io-1.4.jar;C:\Users\Andreas\.m2\repository\commons-dbcp\commons-dbcp\1.2.2\commons-dbcp-1.2.2.jar;C:\Users\Andreas\.m2\repository\commons-pool\commons-pool\1.3\commons-pool-1.3.jar;C:\Users\Andreas\.m2\repository\org\apache\jackrabbit\jackrabbit-api\2.2.1\jackrabbit-api-2.2.1.jar;C:\Users\Andreas\.m2\repository\org\apache\jackrabbit\jackrabbit-jcr-commons\2.2.1\jackrabbit-jcr-commons-2.2.1.jar;C:\Users\Andreas\.m2\repository\org\apache\jackrabbit\jackrabbit-spi-commons\2.2.1\jackrabbit-spi-commons-2.2.1.jar;C:\Users\Andreas\.m2\repository\org\apache\jackrabbit\jackrabbit-spi\2.2.1\jackrabbit-spi-2.2.1.jar;C:\Users\Andreas\.m2\repository\org\apache\tika\tika-parsers\0.8\tika-parsers-0.8.jar;C:\Users\Andreas\.m2\repository\org\apache\tika\tika-core\0.8\tika-core-0.8.jar;C:\Users\Andreas\.m2\repository\commons-httpclient\commons-httpclient\3.1\commons-httpclient-3.1.jar;C:\Users\Andreas\.m2\repository\commons-codec\commons-codec\1.2\commons-codec-1.2.jar;C:\Users\Andreas\.m2\repository\org\apache\commons\commons-compress\1.1\commons-compress-1.1.jar;C:\Users\Andreas\.m2\repository\org\apache\pdfbox\pdfbox\1.3.1\pdfbox-1.3.1.jar;C:\Users\Andreas\.m2\repository\org\apache\pdfbox\fontbox\1.3.1\fontbox-1.3.1.jar;C:\Users\Andreas\.m2\repository\org\apache\pdfbox\jempbox\1.3.1\jempbox-1.3.1.jar;C:\Users\Andreas\.m2\repository\org\bouncycastle\bcmail-jdk15\1.45\bcmail-jdk15-1.45.jar;C:\Users\Andreas\.m2\repository\org\bouncycastle\bcprov-jdk15\1.45\bcprov-jdk15-1.45.jar;C:\Users\Andreas\.m2\repository\org\apache\poi\poi\3.7\poi-3.7.jar;C:\Users\Andreas\.m2\repository\org\apache\poi\poi-scratchpad\3.7\poi-scratchpad-3.7.jar;C:\Users\Andreas\.m2\repository\org\apache\poi\poi-ooxml\3.7\poi-ooxml-3.7.jar;C:\Users\Andreas\.m2\repository\org\apache\poi\poi-ooxml-schemas\3.7\poi-ooxml-schemas-3.7.jar;C:\Users\Andreas\.m2\repository\org\apache\xmlbeans\xmlbeans\2.3.0\xmlbeans-2.3.0.jar;C:\Users\Andreas\.m2\repository\dom4j\dom4j\1.6.1\dom4j-1.6.1.jar;C:\Users\Andreas\.m2\repository\org\apache\geronimo\specs\geronimo-stax-api_1.0_spec\1.0.1\geronimo-stax-api_1.0_spec-1.0.1.jar;C:\Users\Andreas\.m2\repository\org\ccil\cowan\tagsoup\tagsoup\1.2\tagsoup-1.2.jar;C:\Users\Andreas\.m2\repository\asm\asm\3.1\asm-3.1.jar;C:\Users\Andreas\.m2\repository\com\drewnoakes\metadata-extractor\2.4.0-beta-1\metadata-extractor-2.4.0-beta-1.jar;C:\Users\Andreas\.m2\repository\de\l3s\boilerpipe\boilerpipe\1.1.0\boilerpipe-1.1.0.jar;C:\Users\Andreas\.m2\repository\rome\rome\0.9\rome-0.9.jar;C:\Users\Andreas\.m2\repository\jdom\jdom\1.0\jdom-1.0.jar;C:\Users\Andreas\.m2\repository\edu\ucar\netcdf\4.2-min\netcdf-4.2-min.jar;C:\Users\Andreas\.m2\repository\org\slf4j\slf4j-api\1.5.11\slf4j-api-1.5.11.jar;C:\Users\Andreas\.m2\repository\org\apache\lucene\lucene-core\2.4.1\lucene-core-2.4.1.jar;C:\Users\Andreas\.m2\repository\org\apache\derby\derby\10.5.3.0_1\derby-10.5.3.0_1.jar;C:\Users\Andreas\.m2\repository\org\slf4j\jcl-over-slf4j\1.5.3\jcl-over-slf4j-1.5.3.jar;C:\Users\Andreas\.m2\repository\org\slf4j\slf4j-log4j12\1.5.3\slf4j-log4j12-1.5.3.jar;C:\Users\Andreas\.m2\repository\log4j\log4j\1.2.14\log4j-1.2.14.jar;C:\Users\Andreas\.m2\repository\junit\junit\4.8.2\junit-4.8.2.jar;"/>
    <property name="java.specification.name" value="Java Platform API Specification"/>
    <property name="java.class.version" value="50.0"/>
    <property name="sun.management.compiler" value="HotSpot 64-Bit Server Compiler"/>
    <property name="os.version" value="6.1"/>
    <property name="user.home" value="C:\Users\Andreas"/>
    <property name="user.timezone" value="Europe/Berlin"/>
    <property name="java.awt.printerjob" value="sun.awt.windows.WPrinterJob"/>
    <property name="java.specification.version" value="1.6"/>
    <property name="file.encoding" value="Cp1252"/>
    <property name="user.name" value="Andreas"/>
    <property name="java.class.path" value="D:\cee\workspace\cee\cee-news-store-jcr\target\test-classes;D:\cee\workspace\cee\cee-news-store-jcr\target\classes;D:\cee\workspace\cee\cee-news-store-api\target\cee-news-store-api-0.0.1-SNAPSHOT.jar;C:\Users\Andreas\.m2\repository\javax\jcr\jcr\2.0\jcr-2.0.jar;C:\Users\Andreas\.m2\repository\org\apache\jackrabbit\jackrabbit-core\2.2.1\jackrabbit-core-2.2.1.jar;C:\Users\Andreas\.m2\repository\concurrent\concurrent\1.3.4\concurrent-1.3.4.jar;C:\Users\Andreas\.m2\repository\commons-collections\commons-collections\3.2.1\commons-collections-3.2.1.jar;C:\Users\Andreas\.m2\repository\commons-io\commons-io\1.4\commons-io-1.4.jar;C:\Users\Andreas\.m2\repository\commons-dbcp\commons-dbcp\1.2.2\commons-dbcp-1.2.2.jar;C:\Users\Andreas\.m2\repository\commons-pool\commons-pool\1.3\commons-pool-1.3.jar;C:\Users\Andreas\.m2\repository\org\apache\jackrabbit\jackrabbit-api\2.2.1\jackrabbit-api-2.2.1.jar;C:\Users\Andreas\.m2\repository\org\apache\jackrabbit\jackrabbit-jcr-commons\2.2.1\jackrabbit-jcr-commons-2.2.1.jar;C:\Users\Andreas\.m2\repository\org\apache\jackrabbit\jackrabbit-spi-commons\2.2.1\jackrabbit-spi-commons-2.2.1.jar;C:\Users\Andreas\.m2\repository\org\apache\jackrabbit\jackrabbit-spi\2.2.1\jackrabbit-spi-2.2.1.jar;C:\Users\Andreas\.m2\repository\org\apache\tika\tika-parsers\0.8\tika-parsers-0.8.jar;C:\Users\Andreas\.m2\repository\org\apache\tika\tika-core\0.8\tika-core-0.8.jar;C:\Users\Andreas\.m2\repository\commons-httpclient\commons-httpclient\3.1\commons-httpclient-3.1.jar;C:\Users\Andreas\.m2\repository\commons-codec\commons-codec\1.2\commons-codec-1.2.jar;C:\Users\Andreas\.m2\repository\org\apache\commons\commons-compress\1.1\commons-compress-1.1.jar;C:\Users\Andreas\.m2\repository\org\apache\pdfbox\pdfbox\1.3.1\pdfbox-1.3.1.jar;C:\Users\Andreas\.m2\repository\org\apache\pdfbox\fontbox\1.3.1\fontbox-1.3.1.jar;C:\Users\Andreas\.m2\repository\org\apache\pdfbox\jempbox\1.3.1\jempbox-1.3.1.jar;C:\Users\Andreas\.m2\repository\org\bouncycastle\bcmail-jdk15\1.45\bcmail-jdk15-1.45.jar;C:\Users\Andreas\.m2\repository\org\bouncycastle\bcprov-jdk15\1.45\bcprov-jdk15-1.45.jar;C:\Users\Andreas\.m2\repository\org\apache\poi\poi\3.7\poi-3.7.jar;C:\Users\Andreas\.m2\repository\org\apache\poi\poi-scratchpad\3.7\poi-scratchpad-3.7.jar;C:\Users\Andreas\.m2\repository\org\apache\poi\poi-ooxml\3.7\poi-ooxml-3.7.jar;C:\Users\Andreas\.m2\repository\org\apache\poi\poi-ooxml-schemas\3.7\poi-ooxml-schemas-3.7.jar;C:\Users\Andreas\.m2\repository\org\apache\xmlbeans\xmlbeans\2.3.0\xmlbeans-2.3.0.jar;C:\Users\Andreas\.m2\repository\dom4j\dom4j\1.6.1\dom4j-1.6.1.jar;C:\Users\Andreas\.m2\repository\org\apache\geronimo\specs\geronimo-stax-api_1.0_spec\1.0.1\geronimo-stax-api_1.0_spec-1.0.1.jar;C:\Users\Andreas\.m2\repository\org\ccil\cowan\tagsoup\tagsoup\1.2\tagsoup-1.2.jar;C:\Users\Andreas\.m2\repository\asm\asm\3.1\asm-3.1.jar;C:\Users\Andreas\.m2\repository\com\drewnoakes\metadata-extractor\2.4.0-beta-1\metadata-extractor-2.4.0-beta-1.jar;C:\Users\Andreas\.m2\repository\de\l3s\boilerpipe\boilerpipe\1.1.0\boilerpipe-1.1.0.jar;C:\Users\Andreas\.m2\repository\rome\rome\0.9\rome-0.9.jar;C:\Users\Andreas\.m2\repository\jdom\jdom\1.0\jdom-1.0.jar;C:\Users\Andreas\.m2\repository\edu\ucar\netcdf\4.2-min\netcdf-4.2-min.jar;C:\Users\Andreas\.m2\repository\org\slf4j\slf4j-api\1.5.11\slf4j-api-1.5.11.jar;C:\Users\Andreas\.m2\repository\org\apache\lucene\lucene-core\2.4.1\lucene-core-2.4.1.jar;C:\Users\Andreas\.m2\repository\org\apache\derby\derby\10.5.3.0_1\derby-10.5.3.0_1.jar;C:\Users\Andreas\.m2\repository\org\slf4j\jcl-over-slf4j\1.5.3\jcl-over-slf4j-1.5.3.jar;C:\Users\Andreas\.m2\repository\org\slf4j\slf4j-log4j12\1.5.3\slf4j-log4j12-1.5.3.jar;C:\Users\Andreas\.m2\repository\log4j\log4j\1.2.14\log4j-1.2.14.jar;C:\Users\Andreas\.m2\repository\junit\junit\4.8.2\junit-4.8.2.jar;"/>
    <property name="java.vm.specification.version" value="1.0"/>
    <property name="sun.arch.data.model" value="64"/>
    <property name="java.home" value="C:\Program Files\Java\jdk1.6.0_22\jre"/>
    <property name="java.specification.vendor" value="Sun Microsystems Inc."/>
    <property name="user.language" value="de"/>
    <property name="awt.toolkit" value="sun.awt.windows.WToolkit"/>
    <property name="java.vm.info" value="mixed mode"/>
    <property name="java.version" value="1.6.0_22"/>
    <property name="java.ext.dirs" value="C:\Program Files\Java\jdk1.6.0_22\jre\lib\ext;C:\Windows\Sun\Java\lib\ext"/>
    <property name="sun.boot.class.path" value="C:\Program Files\Java\jdk1.6.0_22\jre\lib\resources.jar;C:\Program Files\Java\jdk1.6.0_22\jre\lib\rt.jar;C:\Program Files\Java\jdk1.6.0_22\jre\lib\sunrsasign.jar;C:\Program Files\Java\jdk1.6.0_22\jre\lib\jsse.jar;C:\Program Files\Java\jdk1.6.0_22\jre\lib\jce.jar;C:\Program Files\Java\jdk1.6.0_22\jre\lib\charsets.jar;C:\Program Files\Java\jdk1.6.0_22\jre\classes"/>
    <property name="java.vendor" value="Sun Microsystems Inc."/>
    <property name="localRepository" value="C:\Users\Andreas\.m2\repository"/>
    <property name="file.separator" value="\"/>
    <property name="java.vendor.url.bug" value="http://java.sun.com/cgi-bin/bugreport.cgi"/>
    <property name="sun.cpu.endian" value="little"/>
    <property name="sun.io.unicode.encoding" value="UnicodeLittle"/>
    <property name="sun.desktop" value="windows"/>
    <property name="sun.cpu.isalist" value="amd64"/>
  </properties>
  <testcase time="0.592" classname="com.cee.news.store.jcr.TestJcrArticleStore" name="testUpdateSiteArticle"/>
  <testcase time="0.316" classname="com.cee.news.store.jcr.TestJcrArticleStore" name="testUpdateSiteArticleChangeContent"/>
  <testcase time="0.445" classname="com.cee.news.store.jcr.TestJcrArticleStore" name="testGetArticlesOrderedByDate"/>
  <testcase time="0.417" classname="com.cee.news.store.jcr.TestJcrArticleStore" name="testGetContent"/>
</testsuite>